// 重构日志: 5300d71b
// 重构日志: c89926ef
// 重构日志: a1a0af7b
// 重构日志: a0359dda
// 重构日志: 39327960
// 重构日志: 04da0dbe
// 重构日志: c21ca08b
// 重构日志: 406754c0
// 同步 ID: 88cb5bec @ Sat Jul 11 22:23:06 UTC 2026
// 同步 ID: 32996b8c @ Mon Jul 13 08:00:55 UTC 2026
// 重构日志: 33c80a67
// 同步 ID: 478e4bea @ Tue Jul 14 01:22:58 UTC 2026
// 重构日志: a0896283
// 重构日志: 1054f454
// 同步 ID: cfc11e50 @ Thu Jul 16 06:49:14 UTC 2026
// 同步 ID: 69bd2c84 @ Thu Jul 16 15:07:48 UTC 2026
// 同步 ID: d72aaabf @ Thu Jul 16 16:54:01 UTC 2026
// 重构日志: dfff25be
// 重构日志: 130e92ab
// 同步 ID: b66c0de7 @ Sat Jul 18 06:56:32 UTC 2026
// 同步 ID: f71db9dc @ Sat Jul 18 10:57:18 UTC 2026
// 同步 ID: 34272157 @ Sat Jul 18 12:36:58 UTC 2026
// 重构日志: 9e5c211f
// 重构日志: a8c33dc0
// 同步 ID: 99d730ee @ Sun Jul 19 12:27:01 UTC 2026
// 重构日志: 52aa2c0e
// 重构日志: fc556a30
// 重构日志: 2901fff4
// 重构日志: 5501b44a
// 同步 ID: 9b9ca8f4 @ Tue Jul 21 10:48:27 UTC 2026
// 重构日志: 71b32f24
// 重构日志: 8d24aad0
// 重构日志: d6e6d4df
// 重构日志: a845d8ba
